2023-09-30 14:14:55,890 - urllib3.connectionpool - DEBUG - Starting new HTTP connection (1): api.openweathermap.org:80
2023-09-30 14:14:56,066 - urllib3.connectionpool - DEBUG - http://api.openweathermap.org:80 "GET /data/2.5/forecast?q=bamako%2CML&units=imperial&appid=d4d45483fdf50fc7303bd92cb4a79eae HTTP/1.1" 200 16136
2023-09-30 14:14:56,106 - root - INFO - Date: 2023-09-30 16:00:00,Temperature: 85.12, Weather: light rain, Wind Speed: 5.59
2023-09-30 14:14:56,107 - root - INFO - Date: 2023-09-30 19:00:00,Temperature: 80.06, Weather: light rain, Wind Speed: 5.06
2023-09-30 14:14:56,108 - root - INFO - Date: 2023-09-30 22:00:00,Temperature: 76.96, Weather: overcast clouds, Wind Speed: 6.26
2023-09-30 14:14:56,109 - root - INFO - Date: 2023-10-01 01:00:00,Temperature: 75.9, Weather: broken clouds, Wind Speed: 4.18
2023-09-30 14:14:56,110 - root - INFO - Date: 2023-10-01 04:00:00,Temperature: 84.36, Weather: broken clouds, Wind Speed: 3.96
2023-09-30 14:14:56,111 - root - INFO - Date: 2023-10-01 07:00:00,Temperature: 93.69, Weather: broken clouds, Wind Speed: 4.54
2023-09-30 14:14:56,112 - root - INFO - Date: 2023-10-01 10:00:00,Temperature: 97.68, Weather: broken clouds, Wind Speed: 3.06
2023-09-30 14:14:56,113 - root - INFO - Date: 2023-10-01 13:00:00,Temperature: 81.39, Weather: light rain, Wind Speed: 5.57
2023-09-30 14:14:56,114 - root - INFO - Date: 2023-10-01 16:00:00,Temperature: 78.24, Weather: light rain, Wind Speed: 13.67
2023-09-30 14:14:56,115 - root - INFO - Date: 2023-10-01 19:00:00,Temperature: 77.14, Weather: overcast clouds, Wind Speed: 4.94
2023-09-30 14:14:56,116 - root - INFO - Date: 2023-10-01 22:00:00,Temperature: 74.71, Weather: light rain, Wind Speed: 6.89
2023-09-30 14:14:56,118 - root - INFO - Date: 2023-10-02 01:00:00,Temperature: 75.02, Weather: overcast clouds, Wind Speed: 4.34
2023-09-30 14:14:56,119 - root - INFO - Date: 2023-10-02 04:00:00,Temperature: 81.48, Weather: overcast clouds, Wind Speed: 5.5
2023-09-30 14:14:56,120 - root - INFO - Date: 2023-10-02 07:00:00,Temperature: 87.3, Weather: overcast clouds, Wind Speed: 4.54
2023-09-30 14:14:56,121 - root - INFO - Date: 2023-10-02 10:00:00,Temperature: 94.48, Weather: scattered clouds, Wind Speed: 1.3
2023-09-30 14:14:56,122 - root - INFO - Date: 2023-10-02 13:00:00,Temperature: 84.27, Weather: scattered clouds, Wind Speed: 4.74
2023-09-30 14:14:56,122 - root - INFO - Date: 2023-10-02 16:00:00,Temperature: 76.06, Weather: light rain, Wind Speed: 4.92
2023-09-30 14:14:56,123 - root - INFO - Date: 2023-10-02 19:00:00,Temperature: 76.46, Weather: overcast clouds, Wind Speed: 3.36
2023-09-30 14:14:56,124 - root - INFO - Date: 2023-10-02 22:00:00,Temperature: 73.9, Weather: light rain, Wind Speed: 6.29
2023-09-30 14:14:56,124 - root - INFO - Date: 2023-10-03 01:00:00,Temperature: 72.39, Weather: light rain, Wind Speed: 5.03
2023-09-30 14:14:56,125 - root - INFO - Date: 2023-10-03 04:00:00,Temperature: 80.46, Weather: overcast clouds, Wind Speed: 5.97
2023-09-30 14:14:56,126 - root - INFO - Date: 2023-10-03 07:00:00,Temperature: 87.55, Weather: overcast clouds, Wind Speed: 3.74
2023-09-30 14:14:56,126 - root - INFO - Date: 2023-10-03 10:00:00,Temperature: 91.69, Weather: broken clouds, Wind Speed: 1.83
2023-09-30 14:14:56,127 - root - INFO - Date: 2023-10-03 13:00:00,Temperature: 85.37, Weather: light rain, Wind Speed: 4.61
2023-09-30 14:14:56,129 - root - INFO - Date: 2023-10-03 16:00:00,Temperature: 74.68, Weather: moderate rain, Wind Speed: 11.86
2023-09-30 14:14:56,130 - root - INFO - Date: 2023-10-03 19:00:00,Temperature: 73.71, Weather: light rain, Wind Speed: 10.18
2023-09-30 14:14:56,130 - root - INFO - Date: 2023-10-03 22:00:00,Temperature: 71.82, Weather: light rain, Wind Speed: 9.26
2023-09-30 14:14:56,131 - root - INFO - Date: 2023-10-04 01:00:00,Temperature: 72.95, Weather: overcast clouds, Wind Speed: 1.77
2023-09-30 14:14:56,132 - root - INFO - Date: 2023-10-04 04:00:00,Temperature: 79.36, Weather: overcast clouds, Wind Speed: 2.86
2023-09-30 14:14:56,133 - root - INFO - Date: 2023-10-04 07:00:00,Temperature: 85.82, Weather: overcast clouds, Wind Speed: 2.75
2023-09-30 14:14:56,134 - root - INFO - Date: 2023-10-04 10:00:00,Temperature: 91.76, Weather: overcast clouds, Wind Speed: 2.66
2023-09-30 14:14:56,135 - root - INFO - Date: 2023-10-04 13:00:00,Temperature: 87.1, Weather: overcast clouds, Wind Speed: 3.44
2023-09-30 14:14:56,135 - root - INFO - Date: 2023-10-04 16:00:00,Temperature: 81.64, Weather: scattered clouds, Wind Speed: 1.74
2023-09-30 14:14:56,136 - root - INFO - Date: 2023-10-04 19:00:00,Temperature: 76.78, Weather: light rain, Wind Speed: 4.92
2023-09-30 14:14:56,136 - root - INFO - Date: 2023-10-04 22:00:00,Temperature: 77.09, Weather: overcast clouds, Wind Speed: 3.33
2023-09-30 14:14:56,137 - root - INFO - Date: 2023-10-05 01:00:00,Temperature: 77.04, Weather: overcast clouds, Wind Speed: 2.53
2023-09-30 14:14:56,138 - root - INFO - Date: 2023-10-05 04:00:00,Temperature: 83.73, Weather: broken clouds, Wind Speed: 1.95
2023-09-30 14:14:56,138 - root - INFO - Date: 2023-10-05 07:00:00,Temperature: 87.69, Weather: broken clouds, Wind Speed: 4.36
2023-09-30 14:14:56,139 - root - INFO - Date: 2023-10-05 10:00:00,Temperature: 93.47, Weather: scattered clouds, Wind Speed: 5.28
2023-09-30 14:14:56,139 - root - INFO - Date: 2023-10-05 13:00:00,Temperature: 87.96, Weather: few clouds, Wind Speed: 3.49
